Arguments: 
  C:\Program Files\nodejs\node.exe C:\Users\John\AppData\Roaming\npm\node_modules\yarn\bin\yarn.js install

PATH: 
  C:\Windows\system32;C:\Windows;C:\Windows\System32\Wbem;C:\Windows\System32\WindowsPowerShell\v1.0\;C:\Windows\System32\OpenSSH\;C:\Program Files\dotnet\;C:\Program Files\nodejs\;C:\Program Files\Git\cmd;C:\Users\John\AppData\Local\Microsoft\WindowsApps;;C:\Users\John\AppData\Local\Programs\Microsoft VS Code\bin;C:\Users\John\AppData\Roaming\npm

Yarn version: 
  1.22.19

Node version: 
  19.1.0

Platform: 
  win32 x64

Trace: 
  Error: connect EHOSTUNREACH 104.16.27.35:443
      at TCPConnectWrap.afterConnect [as oncomplete] (node:net:1283:16)

npm manifest: 
  {
    "name": "resturants-serach",
    "version": "1.0.0",
    "main": "node_modules/expo/AppEntry.js",
    "scripts": {
      "start": "expo start",
      "android": "expo start --android",
      "ios": "expo start --ios",
      "web": "expo start --web"
    },
    "dependencies": {
      "expo": "~48.0.9",
      "expo-status-bar": "~1.4.4",
      "react": "18.2.0",
      "react-native": "0.71.4"
    },
    "devDependencies": {
      "@babel/core": "^7.20.0"
    },
    "private": true
  }

yarn manifest: 
  No manifest

Lockfile: 
  No lockfile
